[2021-04-05 01:11:44,721] - __main__ - INFO - Waiting to begin scheduled lineups/scores loops for 2895 seconds.
[2021-04-05 09:43:50,168] - __main__ - INFO - Fetching Min's lineup.
[2021-04-05 09:43:54,246] - __main__ - INFO - Retrieved MIN's lineup.
[2021-04-05 09:43:54,246] - __main__ - INFO - Sending message(s).
[2021-04-05 11:00:03,244] - __main__ - INFO - Fetching scheduled lineups
[2021-04-05 11:00:06,620] - __main__ - INFO - Lineups scheduled retrieved.
[2021-04-05 11:00:06,620] - __main__ - INFO - Sending message(s).
[2021-04-05 11:14:59,744] - __main__ - INFO - Checking for new homers.
[2021-04-05 11:15:06,842] - __main__ - INFO - Posting new homers.
[2021-04-05 11:29:59,726] - __main__ - INFO - Checking for new homers.
[2021-04-05 11:44:59,727] - __main__ - INFO - Checking for new homers.
[2021-04-05 11:59:59,733] - __main__ - INFO - Checking for new homers.
[2021-04-05 12:14:59,742] - __main__ - INFO - Checking for new homers.
[2021-04-05 12:29:59,744] - __main__ - INFO - Checking for new homers.
[2021-04-05 12:44:59,741] - __main__ - INFO - Checking for new homers.
[2021-04-05 12:59:59,739] - __main__ - INFO - Checking for new homers.
[2021-04-05 13:14:59,728] - __main__ - INFO - Checking for new homers.
[2021-04-05 13:29:59,725] - __main__ - INFO - Checking for new homers.
[2021-04-05 13:44:59,741] - __main__ - INFO - Checking for new homers.
[2021-04-05 13:59:59,726] - __main__ - INFO - Checking for new homers.
[2021-04-05 14:00:06,062] - __main__ - INFO - Posting new homers.
[2021-04-05 14:14:59,728] - __main__ - INFO - Checking for new homers.
[2021-04-05 14:29:59,717] - __main__ - INFO - Checking for new homers.
[2021-04-05 14:44:59,727] - __main__ - INFO - Checking for new homers.
[2021-04-05 14:45:06,091] - __main__ - INFO - Posting new homers.
[2021-04-05 14:59:59,738] - __main__ - INFO - Checking for new homers.
[2021-04-05 15:14:59,727] - __main__ - INFO - Checking for new homers.
[2021-04-05 15:15:06,103] - __main__ - INFO - Posting new homers.
[2021-04-05 15:29:59,727] - __main__ - INFO - Checking for new homers.
[2021-04-05 15:44:59,743] - __main__ - INFO - Checking for new homers.
[2021-04-05 15:45:06,247] - __main__ - INFO - Posting new homers.
[2021-04-05 15:59:59,721] - __main__ - INFO - Checking for new homers.
[2021-04-05 16:00:06,146] - __main__ - INFO - Posting new homers.
[2021-04-05 16:00:06,147] - __main__ - INFO - Fetching scheduled scores
[2021-04-05 16:00:13,913] - __main__ - INFO - Scheduled scores retrieved.
[2021-04-05 16:00:13,913] - __main__ - INFO - Sending message(s).
[2021-04-05 16:14:59,742] - __main__ - INFO - Checking for new homers.
[2021-04-05 16:22:19,566] - __main__ - INFO - Fetching score for MIN.
[2021-04-05 16:22:22,278] - __main__ - INFO - Score retrieved for MIN.
[2021-04-05 16:22:22,279] - __main__ - INFO - Sending message(s).
[2021-04-05 16:23:38,996] - __main__ - INFO - Fetching DET's lineup.
[2021-04-05 16:23:40,379] - __main__ - INFO - Retrieved DET's lineup.
[2021-04-05 16:23:40,379] - __main__ - INFO - Sending message(s).
[2021-04-05 16:29:59,725] - __main__ - INFO - Checking for new homers.
[2021-04-05 16:30:06,155] - __main__ - INFO - Posting new homers.
[2021-04-05 16:44:59,744] - __main__ - INFO - Checking for new homers.
[2021-04-05 16:45:06,145] - __main__ - INFO - Posting new homers.
[2021-04-05 16:59:59,723] - __main__ - INFO - Checking for new homers.
[2021-04-05 17:00:06,095] - __main__ - INFO - Fetching scheduled lineups
[2021-04-05 17:00:10,070] - __main__ - INFO - Lineups scheduled retrieved.
[2021-04-05 17:00:10,070] - __main__ - INFO - Sending message(s).
[2021-04-05 17:14:59,745] - __main__ - INFO - Checking for new homers.
[2021-04-05 17:29:59,729] - __main__ - INFO - Checking for new homers.
[2021-04-05 17:44:59,741] - __main__ - INFO - Checking for new homers.
[2021-04-05 17:45:06,123] - __main__ - INFO - Posting new homers.
[2021-04-05 17:59:59,724] - __main__ - INFO - Checking for new homers.
[2021-04-05 18:00:06,225] - __main__ - INFO - Posting new homers.
[2021-04-05 18:14:59,728] - __main__ - INFO - Checking for new homers.
[2021-04-05 18:29:59,721] - __main__ - INFO - Checking for new homers.
[2021-04-05 18:44:59,741] - __main__ - INFO - Checking for new homers.
[2021-04-05 18:45:06,209] - __main__ - INFO - Posting new homers.
[2021-04-05 18:59:59,728] - __main__ - INFO - Checking for new homers.
[2021-04-05 19:14:59,726] - __main__ - INFO - Checking for new homers.
[2021-04-05 19:15:06,158] - __main__ - INFO - Posting new homers.
[2021-04-05 19:29:59,721] - __main__ - INFO - Checking for new homers.
[2021-04-05 19:30:06,193] - __main__ - INFO - Posting new homers.
[2021-04-05 19:38:46,969] - __main__ - INFO - Fetching score for chc.
[2021-04-05 19:38:52,854] - __main__ - INFO - Score retrieved for CHC.
[2021-04-05 19:38:52,854] - __main__ - INFO - Sending message(s).
[2021-04-05 19:44:59,733] - __main__ - INFO - Checking for new homers.
[2021-04-05 19:45:06,152] - __main__ - INFO - Posting new homers.
[2021-04-05 19:59:59,715] - __main__ - INFO - Checking for new homers.
[2021-04-05 20:00:06,109] - __main__ - INFO - Fetching scheduled lineups
[2021-04-05 20:00:10,043] - __main__ - INFO - Lineups scheduled retrieved.
[2021-04-05 20:00:10,043] - __main__ - INFO - Sending message(s).
[2021-04-05 20:14:59,742] - __main__ - INFO - Checking for new homers.
[2021-04-05 20:15:06,340] - __main__ - INFO - Posting new homers.
[2021-04-05 20:17:18,335] - __main__ - INFO - Fetching score for LAA.
[2021-04-05 20:17:22,433] - __main__ - INFO - Score retrieved for LAA.
[2021-04-05 20:17:22,433] - __main__ - INFO - Sending message(s).
[2021-04-05 20:29:59,731] - __main__ - INFO - Checking for new homers.
[2021-04-05 20:44:59,729] - __main__ - INFO - Checking for new homers.
[2021-04-05 20:45:06,239] - __main__ - INFO - Posting new homers.
